2025-08-21 05:42:47,446 - INFO - root - ロギング設定が完了しました。
2025-08-21 05:42:47,447 - INFO - __main__ - PC製造ダッシュボード - データローダー v2.0 開始
2025-08-21 05:42:47,447 - WARNING - __main__ - 既存のデータベースファイルを削除します: /app/data/sqlite/production.db
2025-08-21 05:42:47,448 - INFO - __main__ - データベースに接続しています: /app/data/sqlite/production.db
2025-08-21 05:42:47,469 - INFO - __main__ - データベースとテーブルの準備が完了しました。
2025-08-21 05:42:47,469 - INFO - root - ファイル処理を開始します: /app/KANSEI_JISSEKI.txt
2025-08-21 05:42:47,523 - INFO - root - 198件の有効なレコードをデータベースに挿入しました。
2025-08-21 05:42:47,523 - INFO - root - ファイル処理が完了しました: {'file': '/app/KANSEI_JISSEKI.txt', 'total_rows': 198, 'successful_inserts': 198, 'failed_rows': 0}
2025-08-21 05:42:47,523 - INFO - __main__ - ========== 処理結果サマリー ==========
2025-08-21 05:42:47,523 - INFO - __main__ -   ファイル: /app/KANSEI_JISSEKI.txt
2025-08-21 05:42:47,523 - INFO - __main__ -   総行数: 198
2025-08-21 05:42:47,523 - INFO - __main__ -   成功した挿入件数: 198
2025-08-21 05:42:47,523 - INFO - __main__ -   失敗した行数: 0
2025-08-21 05:42:47,523 - INFO - __main__ - ========================================
2025-08-21 05:42:47,523 - INFO - __main__ - 受注伝票番号の先頭ゼロが除去されたデータのプレビュー:
2025-08-21 05:42:47,524 - INFO - __main__ -   - 指図: 30031909, 品名: 出張サービス, 受注伝票: 345544, 明細: 20
2025-08-21 05:42:47,524 - INFO - __main__ -   - 指図: 30031913, 品名: 出張サービス, 受注伝票: 346401, 明細: 10
2025-08-21 05:42:47,524 - INFO - __main__ - データベース接続を閉じました。
2025-08-21 05:43:09,836 - INFO - root - ロギング設定が完了しました。
2025-08-21 05:43:09,837 - INFO - __main__ - PC製造ダッシュボード - データローダー v2.0 開始
2025-08-21 05:43:09,837 - INFO - __main__ - データベースに接続しています: /app/data/sqlite/production.db
2025-08-21 05:43:09,839 - INFO - __main__ - データベースとテーブルの準備が完了しました。
2025-08-21 05:43:09,840 - INFO - root - ファイル処理を開始します: /app/KANSEI_JISSEKI.txt
2025-08-21 05:43:09,879 - INFO - root - 198件の有効なレコードをデータベースに挿入しました。
2025-08-21 05:43:09,880 - INFO - root - ファイル処理が完了しました: {'file': '/app/KANSEI_JISSEKI.txt', 'total_rows': 198, 'successful_inserts': 198, 'failed_rows': 0}
2025-08-21 05:43:09,880 - INFO - __main__ - ========== 処理結果サマリー ==========
2025-08-21 05:43:09,880 - INFO - __main__ -   ファイル: /app/KANSEI_JISSEKI.txt
2025-08-21 05:43:09,880 - INFO - __main__ -   総行数: 198
2025-08-21 05:43:09,880 - INFO - __main__ -   成功した挿入件数: 198
2025-08-21 05:43:09,880 - INFO - __main__ -   失敗した行数: 0
2025-08-21 05:43:09,880 - INFO - __main__ - ========================================
2025-08-21 05:43:09,880 - INFO - __main__ - 受注伝票番号の先頭ゼロが除去されたデータのプレビュー:
2025-08-21 05:43:09,881 - INFO - __main__ -   - 指図: 30031909, 品名: 出張サービス, 受注伝票: 345544, 明細: 20
2025-08-21 05:43:09,881 - INFO - __main__ -   - 指図: 30031909, 品名: 出張サービス, 受注伝票: 345544, 明細: 20
2025-08-21 05:43:09,881 - INFO - __main__ -   - 指図: 30031913, 品名: 出張サービス, 受注伝票: 346401, 明細: 10
2025-08-21 05:43:09,881 - INFO - __main__ -   - 指図: 30031913, 品名: 出張サービス, 受注伝票: 346401, 明細: 10
2025-08-21 05:43:09,881 - INFO - __main__ - データベース接続を閉じました。
